<?xml version="1.0" encoding="UTF-8"?>
<!-- Generated by org.testng.reporters.JUnitReportReporter -->
<testsuite skipped="0" hostname="BDC6-DX-6BWDNK2" name="com.test.maven" tests="1" failures="0" timestamp="2019-09-19T10:21:44 IST" time="31.505" errors="0">
  <testcase name="f" time="31.505" classname="com.test.maven"/>
</testsuite> <!-- com.test.maven -->
