<?xml version="1.0" encoding="UTF-8"?>
<!-- Generated by org.testng.reporters.JUnitReportReporter -->
<testsuite skipped="0" hostname="BDC6-DX-6BWDNK2" name="com.test.apachepoi_demo1" tests="1" failures="0" timestamp="2019-10-01T12:24:45 IST" time="32.491" errors="0">
  <testcase name="f" time="32.491" classname="com.test.apachepoi_demo1"/>
</testsuite> <!-- com.test.apachepoi_demo1 -->
